<?xml version="1.0" encoding="UTF-8"?>
<!-- Generated by org.testng.reporters.JUnitXMLReporter -->
<testsuite hostname="Bat-Computer.local" ignored="0" name="Default test" tests="9" failures="0" timestamp="03 Dec 2023 22:40:10 GMT" time="31.528" errors="0">
  <testcase name="testContactForm" time="8.435" classname="com.spring.testing.ContactFormTest"/>
  <testcase name="testEmailValidation" time="3.184" classname="com.spring.testing.EmailValidationTest"/>
  <testcase name="testEmailValidation" time="2.571" classname="com.spring.testing.EmailValidationTest"/>
  <testcase name="testEmailValidation" time="2.547" classname="com.spring.testing.EmailValidationTest"/>
  <testcase name="testEmailValidation" time="2.523" classname="com.spring.testing.EmailValidationTest"/>
  <testcase name="testEmailValidation" time="2.532" classname="com.spring.testing.EmailValidationTest"/>
  <testcase name="testEmailValidation" time="2.535" classname="com.spring.testing.EmailValidationTest"/>
  <testcase name="testEmailValidation" time="3.145" classname="com.spring.testing.EmailValidationTest"/>
  <testcase name="testEmailValidation" time="2.553" classname="com.spring.testing.EmailValidationTest"/>
</testsuite> <!-- Default test -->
