<?xml version="1.0" encoding="UTF-8"?>
<!-- Generated by org.testng.reporters.JUnitXMLReporter -->
<testsuite hostname="Bat-Computer.local" ignored="0" name="Test" tests="9" failures="0" timestamp="03 Dec 2023 02:54:57 GMT" time="32.481" errors="0">
  <testcase name="testContactForm" time="8.764" classname="com.spring.testing.ContactFormTest"/>
  <testcase name="testEmailValidation" time="3.293" classname="com.spring.testing.EmailValidationTest"/>
  <testcase name="testEmailValidation" time="2.604" classname="com.spring.testing.EmailValidationTest"/>
  <testcase name="testEmailValidation" time="2.55" classname="com.spring.testing.EmailValidationTest"/>
  <testcase name="testEmailValidation" time="2.564" classname="com.spring.testing.EmailValidationTest"/>
  <testcase name="testEmailValidation" time="2.545" classname="com.spring.testing.EmailValidationTest"/>
  <testcase name="testEmailValidation" time="2.557" classname="com.spring.testing.EmailValidationTest"/>
  <testcase name="testEmailValidation" time="3.255" classname="com.spring.testing.EmailValidationTest"/>
  <testcase name="testEmailValidation" time="2.587" classname="com.spring.testing.EmailValidationTest"/>
</testsuite> <!-- Test -->
