<?xml version="1.0" encoding="UTF-8"?>
<testng-results skipped="0" failed="0" ignored="0" total="9" passed="9">
  <reporter-output>
  </reporter-output>
  <suite name="Suite" duration-ms="33538" started-at="2023-12-04T18:31:32Z" finished-at="2023-12-04T18:32:06Z">
    <groups>
    </groups>
    <test name="Test" duration-ms="33538" started-at="2023-12-04T18:31:32Z" finished-at="2023-12-04T18:32:06Z">
      <class name="com.spring.testing.EmailValidationTest">
        <test-method status="PASS" signature="setUp()[pri:0, instance:com.spring.testing.EmailValidationTest@598067a5]" name="setUp" is-config="true" duration-ms="2122" started-at="2023-12-04T18:31:32Z" finished-at="2023-12-04T18:31:34Z">
          <reporter-output>
          </reporter-output>
        </test-method> <!-- setUp -->
        <test-method status="PASS" signature="testContactForm()[pri:0, instance:com.spring.testing.EmailValidationTest@598067a5]" name="testContactForm" duration-ms="8903" started-at="2023-12-04T18:31:34Z" finished-at="2023-12-04T18:31:43Z">
          <reporter-output>
          </reporter-output>
        </test-method> <!-- testContactForm -->
        <test-method status="PASS" signature="testEmailValidation(java.lang.String, boolean)[pri:0, instance:com.spring.testing.EmailValidationTest@598067a5]" name="testEmailValidation" duration-ms="3357" started-at="2023-12-04T18:31:43Z" data-provider="emailTestData" finished-at="2023-12-04T18:31:47Z">
          <params>
            <param index="0">
              <value>
                <![CDATA[sai.teja@example.com]]>
              </value>
            </param>
            <param index="1">
              <value>
                <![CDATA[true]]>
              </value>
            </param>
          </params>
          <reporter-output>
          </reporter-output>
        </test-method> <!-- testEmailValidation -->
        <test-method status="PASS" signature="testEmailValidation(java.lang.String, boolean)[pri:0, instance:com.spring.testing.EmailValidationTest@598067a5]" name="testEmailValidation" duration-ms="2639" started-at="2023-12-04T18:31:47Z" data-provider="emailTestData" finished-at="2023-12-04T18:31:49Z">
          <params>
            <param index="0">
              <value>
                <![CDATA[chistopher.nolan@domain]]>
              </value>
            </param>
            <param index="1">
              <value>
                <![CDATA[false]]>
              </value>
            </param>
          </params>
          <reporter-output>
          </reporter-output>
        </test-method> <!-- testEmailValidation -->
        <test-method status="PASS" signature="testEmailValidation(java.lang.String, boolean)[pri:0, instance:com.spring.testing.EmailValidationTest@598067a5]" name="testEmailValidation" duration-ms="2606" started-at="2023-12-04T18:31:49Z" data-provider="emailTestData" finished-at="2023-12-04T18:31:52Z">
          <params>
            <param index="0">
              <value>
                <![CDATA[@example.com]]>
              </value>
            </param>
            <param index="1">
              <value>
                <![CDATA[false]]>
              </value>
            </param>
          </params>
          <reporter-output>
          </reporter-output>
        </test-method> <!-- testEmailValidation -->
        <test-method status="PASS" signature="testEmailValidation(java.lang.String, boolean)[pri:0, instance:com.spring.testing.EmailValidationTest@598067a5]" name="testEmailValidation" duration-ms="2615" started-at="2023-12-04T18:31:52Z" data-provider="emailTestData" finished-at="2023-12-04T18:31:54Z">
          <params>
            <param index="0">
              <value>
                <![CDATA[plainaddress]]>
              </value>
            </param>
            <param index="1">
              <value>
                <![CDATA[false]]>
              </value>
            </param>
          </params>
          <reporter-output>
          </reporter-output>
        </test-method> <!-- testEmailValidation -->
        <test-method status="PASS" signature="testEmailValidation(java.lang.String, boolean)[pri:0, instance:com.spring.testing.EmailValidationTest@598067a5]" name="testEmailValidation" duration-ms="2595" started-at="2023-12-04T18:31:54Z" data-provider="emailTestData" finished-at="2023-12-04T18:31:57Z">
          <params>
            <param index="0">
              <value>
                <![CDATA[.priyanka@domain.com]]>
              </value>
            </param>
            <param index="1">
              <value>
                <![CDATA[false]]>
              </value>
            </param>
          </params>
          <reporter-output>
          </reporter-output>
        </test-method> <!-- testEmailValidation -->
        <test-method status="PASS" signature="testEmailValidation(java.lang.String, boolean)[pri:0, instance:com.spring.testing.EmailValidationTest@598067a5]" name="testEmailValidation" duration-ms="2609" started-at="2023-12-04T18:31:57Z" data-provider="emailTestData" finished-at="2023-12-04T18:32:00Z">
          <params>
            <param index="0">
              <value>
                <![CDATA[shri@domain..com]]>
              </value>
            </param>
            <param index="1">
              <value>
                <![CDATA[false]]>
              </value>
            </param>
          </params>
          <reporter-output>
          </reporter-output>
        </test-method> <!-- testEmailValidation -->
        <test-method status="PASS" signature="testEmailValidation(java.lang.String, boolean)[pri:0, instance:com.spring.testing.EmailValidationTest@598067a5]" name="testEmailValidation" duration-ms="3296" started-at="2023-12-04T18:32:00Z" data-provider="emailTestData" finished-at="2023-12-04T18:32:03Z">
          <params>
            <param index="0">
              <value>
                <![CDATA[user@123.com]]>
              </value>
            </param>
            <param index="1">
              <value>
                <![CDATA[true]]>
              </value>
            </param>
          </params>
          <reporter-output>
          </reporter-output>
        </test-method> <!-- testEmailValidation -->
        <test-method status="PASS" signature="testEmailValidation(java.lang.String, boolean)[pri:0, instance:com.spring.testing.EmailValidationTest@598067a5]" name="testEmailValidation" duration-ms="2672" started-at="2023-12-04T18:32:03Z" data-provider="emailTestData" finished-at="2023-12-04T18:32:06Z">
          <params>
            <param index="0">
              <value>
                <![CDATA[user@123]]>
              </value>
            </param>
            <param index="1">
              <value>
                <![CDATA[false]]>
              </value>
            </param>
          </params>
          <reporter-output>
          </reporter-output>
        </test-method> <!-- testEmailValidation -->
        <test-method status="PASS" signature="tearDown()[pri:0, instance:com.spring.testing.EmailValidationTest@598067a5]" name="tearDown" is-config="true" duration-ms="100" started-at="2023-12-04T18:32:06Z" finished-at="2023-12-04T18:32:06Z">
          <reporter-output>
          </reporter-output>
        </test-method> <!-- tearDown -->
      </class> <!-- com.spring.testing.EmailValidationTest -->
    </test> <!-- Test -->
  </suite> <!-- Suite -->
</testng-results>
